<?xml version="1.0" encoding="UTF-8"?>
<testsuite xmlns:xsi="http://www.w3.org/2001/XMLSchema-instance" xsi:noNamespaceSchemaLocation="https://maven.apache.org/surefire/maven-surefire-plugin/xsd/surefire-test-report-3.0.xsd" version="3.0" name="edu.bu.met.cs665.hw.OrderMementoTest" time="0" tests="1" errors="0" skipped="0" failures="0">
  <properties>
[...]
</properties>
  <testcase name="testOrderMemento" classname="edu.bu.met.cs665.hw.OrderMementoTest" time="0">
    <system-out><![CDATA[Initial Order State: Order{products=[Product{name='Laptop', price=1000.0}], logistics='Express Delivery', promotion='Black Friday Discount', totalPrice=1000.0}
Memento saved. Current history size: 1
Saved Initial State.
Modified Order State: Order{products=[Product{name='Mouse', price=25.0}], logistics='Standard Delivery', promotion='No Discount', totalPrice=25.0}
Memento saved. Current history size: 2
Saved Modified State.
Restoring memento at index: 0
Restored to Initial State: Order{products=[Product{name='Laptop', price=1000.0}], logistics='Express Delivery', promotion='Black Friday Discount', totalPrice=1000.0}
Restoring memento at index: 1
Restored to Modified State: Order{products=[Product{name='Mouse', price=25.0}], logistics='Standard Delivery', promotion='No Discount', totalPrice=25.0}
]]></system-out>
  </testcase>
</testsuite>